  [1m[36m (121.8ms)[0m  [1mCREATE TABLE "schema_migrations" ("version" varchar(255) NOT NULL) [0m
  [1m[35m (97.8ms)[0m  CREATE UNIQUE INDEX "unique_schema_migrations" ON "schema_migrations" ("version")
  [1m[36mActiveRecord::SchemaMigration Load (0.1ms)[0m  [1mSELECT "schema_migrations".* FROM "schema_migrations"[0m
  [1m[36m (128.9ms)[0m  [1mCREATE TABLE "schema_migrations" ("version" varchar(255) NOT NULL) [0m
  [1m[35m (98.6ms)[0m  CREATE UNIQUE INDEX "unique_schema_migrations" ON "schema_migrations" ("version")
  [1m[36m (0.2ms)[0m  [1mSELECT version FROM "schema_migrations"[0m
  [1m[35m (97.4ms)[0m  INSERT INTO "schema_migrations" (version) VALUES ('0')
  [1m[36m (131.8ms)[0m  [1mCREATE TABLE "schema_migrations" ("version" varchar(255) NOT NULL) [0m
  [1m[35m (98.8ms)[0m  CREATE UNIQUE INDEX "unique_schema_migrations" ON "schema_migrations" ("version")
  [1m[36m (0.2ms)[0m  [1mSELECT version FROM "schema_migrations"[0m
  [1m[35m (97.5ms)[0m  INSERT INTO "schema_migrations" (version) VALUES ('0')
  [1m[36mActiveRecord::SchemaMigration Load (0.1ms)[0m  [1mSELECT "schema_migrations".* FROM "schema_migrations"[0m
  [1m[36mActiveRecord::SchemaMigration Load (0.1ms)[0m  [1mSELECT "schema_migrations".* FROM "schema_migrations"[0m
Migrating to DeviseCreateUsers (20130709160215)
  [1m[35m (0.2ms)[0m  begin transaction
  [1m[36m (0.9ms)[0m  [1mCREATE TABLE "users" ("id" INTEGER PRIMARY KEY AUTOINCREMENT NOT NULL, "email" varchar(255) DEFAULT '' NOT NULL, "encrypted_password" varchar(128) DEFAULT '' NOT NULL, "reset_password_token" varchar(255), "reset_password_sent_at" datetime, "remember_created_at" datetime, "sign_in_count" integer DEFAULT 0, "current_sign_in_at" datetime, "last_sign_in_at" datetime, "current_sign_in_ip" varchar(255), "last_sign_in_ip" varchar(255), "created_at" datetime, "updated_at" datetime) [0m
  [1m[35m (0.4ms)[0m  CREATE UNIQUE INDEX "index_users_on_email" ON "users" ("email")
  [1m[36m (0.3ms)[0m  [1mCREATE UNIQUE INDEX "index_users_on_reset_password_token" ON "users" ("reset_password_token")[0m
  [1m[35mSQL (0.2ms)[0m  INSERT INTO "schema_migrations" ("version") VALUES (?)  [["version", "20130709160215"]]
  [1m[36m (136.8ms)[0m  [1mcommit transaction[0m
Migrating to AddNameToUsers (20130709160340)
  [1m[35m (0.2ms)[0m  begin transaction
  [1m[36m (0.6ms)[0m  [1mALTER TABLE "users" ADD "name" varchar(255)[0m
  [1m[35mSQL (0.2ms)[0m  INSERT INTO "schema_migrations" ("version") VALUES (?)  [["version", "20130709160340"]]
  [1m[36m (103.4ms)[0m  [1mcommit transaction[0m
  [1m[35mActiveRecord::SchemaMigration Load (0.1ms)[0m  SELECT "schema_migrations".* FROM "schema_migrations"
  [1m[36m (194.3ms)[0m  [1mCREATE TABLE "users" ("id" INTEGER PRIMARY KEY AUTOINCREMENT NOT NULL, "email" varchar(255) DEFAULT '' NOT NULL, "encrypted_password" varchar(128) DEFAULT '' NOT NULL, "reset_password_token" varchar(255), "reset_password_sent_at" datetime, "remember_created_at" datetime, "sign_in_count" integer DEFAULT 0, "current_sign_in_at" datetime, "last_sign_in_at" datetime, "current_sign_in_ip" varchar(255), "last_sign_in_ip" varchar(255), "created_at" datetime, "updated_at" datetime, "name" varchar(255)) [0m
  [1m[35m (97.6ms)[0m  CREATE UNIQUE INDEX "index_users_on_email" ON "users" ("email")
  [1m[36m (98.6ms)[0m  [1mCREATE UNIQUE INDEX "index_users_on_reset_password_token" ON "users" ("reset_password_token")[0m
  [1m[35m (98.5ms)[0m  CREATE TABLE "schema_migrations" ("version" varchar(255) NOT NULL) 
  [1m[36m (98.2ms)[0m  [1mCREATE UNIQUE INDEX "unique_schema_migrations" ON "schema_migrations" ("version")[0m
  [1m[35m (0.2ms)[0m  SELECT version FROM "schema_migrations"
  [1m[36m (98.8ms)[0m  [1mINSERT INTO "schema_migrations" (version) VALUES ('20130709160340')[0m
  [1m[35m (98.5ms)[0m  INSERT INTO "schema_migrations" (version) VALUES ('20130709160215')


Started GET "/" for 127.0.0.1 at 2013-07-09 23:15:23 +0700
  [1m[36mActiveRecord::SchemaMigration Load (0.1ms)[0m  [1mSELECT "schema_migrations".* FROM "schema_migrations"[0m
Processing by Rails::WelcomeController#index as HTML
  Rendered /home/hippy/.gem/ruby/2.0.0/gems/railties-4.0.0.rc2/lib/rails/templates/rails/welcome/index.html.erb (3.2ms)
Completed 200 OK in 74ms (Views: 40.1ms | ActiveRecord: 0.0ms)


Started GET "/rails/info/properties" for 127.0.0.1 at 2013-07-09 23:16:48 +0700
Processing by Rails::InfoController#properties as HTML
  [1m[35mActiveRecord::SchemaMigration Load (0.2ms)[0m  SELECT "schema_migrations".* FROM "schema_migrations"
  Rendered /home/hippy/.gem/ruby/2.0.0/gems/railties-4.0.0.rc2/lib/rails/templates/rails/info/properties.html.erb (0.9ms)
Completed 200 OK in 52ms (Views: 27.1ms | ActiveRecord: 0.5ms)


Started GET "/" for 127.0.0.1 at 2013-07-09 23:26:58 +0700
  [1m[36mActiveRecord::SchemaMigration Load (0.1ms)[0m  [1mSELECT "schema_migrations".* FROM "schema_migrations"[0m
Processing by Rails::WelcomeController#index as HTML
  Rendered /home/hippy/.gem/ruby/2.0.0/gems/railties-4.0.0.rc2/lib/rails/templates/rails/welcome/index.html.erb (1.3ms)
Completed 200 OK in 20ms (Views: 6.1ms | ActiveRecord: 0.0ms)


Started GET "/" for 127.0.0.1 at 2013-07-09 23:27:47 +0700
  [1m[36mActiveRecord::SchemaMigration Load (0.1ms)[0m  [1mSELECT "schema_migrations".* FROM "schema_migrations"[0m
Processing by Rails::WelcomeController#index as HTML
  Rendered /home/hippy/.gem/ruby/2.0.0/gems/railties-4.0.0.rc2/lib/rails/templates/rails/welcome/index.html.erb (1.3ms)
Completed 200 OK in 26ms (Views: 5.8ms | ActiveRecord: 0.0ms)


Started GET "/" for 127.0.0.1 at 2013-07-09 23:27:48 +0700
Processing by Rails::WelcomeController#index as HTML
  Rendered /home/hippy/.gem/ruby/2.0.0/gems/railties-4.0.0.rc2/lib/rails/templates/rails/welcome/index.html.erb (0.1ms)
Completed 200 OK in 3ms (Views: 2.4ms | ActiveRecord: 0.0ms)


Started GET "/home/index" for 127.0.0.1 at 2013-07-09 23:27:57 +0700
Processing by HomeController#index as HTML
  Rendered home/index.html.erb within layouts/application (0.5ms)
Completed 200 OK in 991ms (Views: 989.8ms | ActiveRecord: 0.0ms)


Started GET "/assets/application.css?body=1" for 127.0.0.1 at 2013-07-09 23:27:58 +0700


Started GET "/assets/jquery.js?body=1" for 127.0.0.1 at 2013-07-09 23:27:58 +0700


Started GET "/assets/jquery_ujs.js?body=1" for 127.0.0.1 at 2013-07-09 23:27:58 +0700


Started GET "/assets/turbolinks.js?body=1" for 127.0.0.1 at 2013-07-09 23:27:58 +0700


Started GET "/assets/application.js?body=1" for 127.0.0.1 at 2013-07-09 23:27:58 +0700


Started GET "/home/index" for 127.0.0.1 at 2013-07-09 23:28:58 +0700

ArgumentError (Invalid route name, already in use: 'root' 
You may have defined two routes with the same name using the `:as` option, or you may be overriding a route already defined by a resource with the same naming. For the latter, you can restrict the routes created with `resources` as explained here: 
http://guides.rubyonrails.org/routing.html#restricting-the-routes-created):
  config/routes.rb:5:in `block in <top (required)>'
  config/routes.rb:1:in `<top (required)>'


  Rendered /home/hippy/.gem/ruby/2.0.0/gems/actionpack-4.0.0.rc2/lib/action_dispatch/middleware/templates/rescues/_source.erb (1.6ms)
  Rendered /home/hippy/.gem/ruby/2.0.0/gems/actionpack-4.0.0.rc2/lib/action_dispatch/middleware/templates/rescues/_trace.erb (1.1ms)
  Rendered /home/hippy/.gem/ruby/2.0.0/gems/actionpack-4.0.0.rc2/lib/action_dispatch/middleware/templates/rescues/_request_and_response.erb (1.3ms)
  Rendered /home/hippy/.gem/ruby/2.0.0/gems/actionpack-4.0.0.rc2/lib/action_dispatch/middleware/templates/rescues/diagnostics.erb within rescues/layout (34.5ms)


Started GET "/home/index" for 127.0.0.1 at 2013-07-09 23:29:20 +0700

ArgumentError (Invalid route name, already in use: 'root' 
You may have defined two routes with the same name using the `:as` option, or you may be overriding a route already defined by a resource with the same naming. For the latter, you can restrict the routes created with `resources` as explained here: 
http://guides.rubyonrails.org/routing.html#restricting-the-routes-created):
  config/routes.rb:5:in `block in <top (required)>'
  config/routes.rb:1:in `<top (required)>'


  Rendered /home/hippy/.gem/ruby/2.0.0/gems/actionpack-4.0.0.rc2/lib/action_dispatch/middleware/templates/rescues/_source.erb (0.6ms)
  Rendered /home/hippy/.gem/ruby/2.0.0/gems/actionpack-4.0.0.rc2/lib/action_dispatch/middleware/templates/rescues/_trace.erb (1.0ms)
  Rendered /home/hippy/.gem/ruby/2.0.0/gems/actionpack-4.0.0.rc2/lib/action_dispatch/middleware/templates/rescues/_request_and_response.erb (0.9ms)
  Rendered /home/hippy/.gem/ruby/2.0.0/gems/actionpack-4.0.0.rc2/lib/action_dispatch/middleware/templates/rescues/diagnostics.erb within rescues/layout (11.5ms)


Started GET "/home/index" for 127.0.0.1 at 2013-07-09 23:29:21 +0700

ActionController::RoutingError (No route matches [GET] "/home/index"):
  actionpack (4.0.0.rc2) lib/action_dispatch/middleware/debug_exceptions.rb:21:in `call'
  actionpack (4.0.0.rc2) lib/action_dispatch/middleware/show_exceptions.rb:30:in `call'
  railties (4.0.0.rc2) lib/rails/rack/logger.rb:38:in `call_app'
  railties (4.0.0.rc2) lib/rails/rack/logger.rb:21:in `block in call'
  activesupport (4.0.0.rc2) lib/active_support/tagged_logging.rb:67:in `block in tagged'
  activesupport (4.0.0.rc2) lib/active_support/tagged_logging.rb:25:in `tagged'
  activesupport (4.0.0.rc2) lib/active_support/tagged_logging.rb:67:in `tagged'
  railties (4.0.0.rc2) lib/rails/rack/logger.rb:21:in `call'
  actionpack (4.0.0.rc2) lib/action_dispatch/middleware/request_id.rb:21:in `call'
  rack (1.5.2) lib/rack/methodoverride.rb:21:in `call'
  rack (1.5.2) lib/rack/runtime.rb:17:in `call'
  activesupport (4.0.0.rc2) lib/active_support/cache/strategy/local_cache.rb:83:in `call'
  rack (1.5.2) lib/rack/lock.rb:17:in `call'
  actionpack (4.0.0.rc2) lib/action_dispatch/middleware/static.rb:64:in `call'
  railties (4.0.0.rc2) lib/rails/engine.rb:511:in `call'
  railties (4.0.0.rc2) lib/rails/application.rb:97:in `call'
  rack (1.5.2) lib/rack/lock.rb:17:in `call'
  rack (1.5.2) lib/rack/content_length.rb:14:in `call'
  rack (1.5.2) lib/rack/handler/webrick.rb:60:in `service'
  /usr/lib/ruby/2.0.0/webrick/httpserver.rb:138:in `service'
  /usr/lib/ruby/2.0.0/webrick/httpserver.rb:94:in `run'
  /usr/lib/ruby/2.0.0/webrick/server.rb:295:in `block in start_thread'


  Rendered /home/hippy/.gem/ruby/2.0.0/gems/actionpack-4.0.0.rc2/lib/action_dispatch/middleware/templates/rescues/_trace.erb (2.2ms)
  Rendered /home/hippy/.gem/ruby/2.0.0/gems/actionpack-4.0.0.rc2/lib/action_dispatch/middleware/templates/routes/_route.html.erb (0.7ms)
  Rendered /home/hippy/.gem/ruby/2.0.0/gems/actionpack-4.0.0.rc2/lib/action_dispatch/middleware/templates/routes/_table.html.erb (26.6ms)
  Rendered /home/hippy/.gem/ruby/2.0.0/gems/actionpack-4.0.0.rc2/lib/action_dispatch/middleware/templates/rescues/routing_error.erb within rescues/layout (48.8ms)


Started GET "/" for 127.0.0.1 at 2013-07-09 23:29:33 +0700

ActionController::RoutingError (No route matches [GET] "/"):
  actionpack (4.0.0.rc2) lib/action_dispatch/middleware/debug_exceptions.rb:21:in `call'
  actionpack (4.0.0.rc2) lib/action_dispatch/middleware/show_exceptions.rb:30:in `call'
  railties (4.0.0.rc2) lib/rails/rack/logger.rb:38:in `call_app'
  railties (4.0.0.rc2) lib/rails/rack/logger.rb:21:in `block in call'
  activesupport (4.0.0.rc2) lib/active_support/tagged_logging.rb:67:in `block in tagged'
  activesupport (4.0.0.rc2) lib/active_support/tagged_logging.rb:25:in `tagged'
  activesupport (4.0.0.rc2) lib/active_support/tagged_logging.rb:67:in `tagged'
  railties (4.0.0.rc2) lib/rails/rack/logger.rb:21:in `call'
  actionpack (4.0.0.rc2) lib/action_dispatch/middleware/request_id.rb:21:in `call'
  rack (1.5.2) lib/rack/methodoverride.rb:21:in `call'
  rack (1.5.2) lib/rack/runtime.rb:17:in `call'
  activesupport (4.0.0.rc2) lib/active_support/cache/strategy/local_cache.rb:83:in `call'
  rack (1.5.2) lib/rack/lock.rb:17:in `call'
  actionpack (4.0.0.rc2) lib/action_dispatch/middleware/static.rb:64:in `call'
  railties (4.0.0.rc2) lib/rails/engine.rb:511:in `call'
  railties (4.0.0.rc2) lib/rails/application.rb:97:in `call'
  rack (1.5.2) lib/rack/lock.rb:17:in `call'
  rack (1.5.2) lib/rack/content_length.rb:14:in `call'
  rack (1.5.2) lib/rack/handler/webrick.rb:60:in `service'
  /usr/lib/ruby/2.0.0/webrick/httpserver.rb:138:in `service'
  /usr/lib/ruby/2.0.0/webrick/httpserver.rb:94:in `run'
  /usr/lib/ruby/2.0.0/webrick/server.rb:295:in `block in start_thread'


  Rendered /home/hippy/.gem/ruby/2.0.0/gems/actionpack-4.0.0.rc2/lib/action_dispatch/middleware/templates/rescues/_trace.erb (0.9ms)
  Rendered /home/hippy/.gem/ruby/2.0.0/gems/actionpack-4.0.0.rc2/lib/action_dispatch/middleware/templates/routes/_route.html.erb (0.6ms)
  Rendered /home/hippy/.gem/ruby/2.0.0/gems/actionpack-4.0.0.rc2/lib/action_dispatch/middleware/templates/routes/_table.html.erb (0.9ms)
  Rendered /home/hippy/.gem/ruby/2.0.0/gems/actionpack-4.0.0.rc2/lib/action_dispatch/middleware/templates/rescues/routing_error.erb within rescues/layout (11.2ms)


Started GET "/" for 127.0.0.1 at 2013-07-09 23:29:58 +0700

ArgumentError (Invalid route name, already in use: 'root' 
You may have defined two routes with the same name using the `:as` option, or you may be overriding a route already defined by a resource with the same naming. For the latter, you can restrict the routes created with `resources` as explained here: 
http://guides.rubyonrails.org/routing.html#restricting-the-routes-created):
  config/routes.rb:5:in `block in <top (required)>'
  config/routes.rb:1:in `<top (required)>'


  Rendered /home/hippy/.gem/ruby/2.0.0/gems/actionpack-4.0.0.rc2/lib/action_dispatch/middleware/templates/rescues/_source.erb (0.7ms)
  Rendered /home/hippy/.gem/ruby/2.0.0/gems/actionpack-4.0.0.rc2/lib/action_dispatch/middleware/templates/rescues/_trace.erb (1.0ms)
  Rendered /home/hippy/.gem/ruby/2.0.0/gems/actionpack-4.0.0.rc2/lib/action_dispatch/middleware/templates/rescues/_request_and_response.erb (0.9ms)
  Rendered /home/hippy/.gem/ruby/2.0.0/gems/actionpack-4.0.0.rc2/lib/action_dispatch/middleware/templates/rescues/diagnostics.erb within rescues/layout (12.3ms)


Started GET "/" for 127.0.0.1 at 2013-07-09 23:32:24 +0700

ArgumentError (Invalid route name, already in use: 'root' 
You may have defined two routes with the same name using the `:as` option, or you may be overriding a route already defined by a resource with the same naming. For the latter, you can restrict the routes created with `resources` as explained here: 
http://guides.rubyonrails.org/routing.html#restricting-the-routes-created):
  config/routes.rb:5:in `block in <top (required)>'
  config/routes.rb:1:in `<top (required)>'


  Rendered /home/hippy/.gem/ruby/2.0.0/gems/actionpack-4.0.0.rc2/lib/action_dispatch/middleware/templates/rescues/_source.erb (0.6ms)
  Rendered /home/hippy/.gem/ruby/2.0.0/gems/actionpack-4.0.0.rc2/lib/action_dispatch/middleware/templates/rescues/_trace.erb (1.0ms)
  Rendered /home/hippy/.gem/ruby/2.0.0/gems/actionpack-4.0.0.rc2/lib/action_dispatch/middleware/templates/rescues/_request_and_response.erb (0.9ms)
  Rendered /home/hippy/.gem/ruby/2.0.0/gems/actionpack-4.0.0.rc2/lib/action_dispatch/middleware/templates/rescues/diagnostics.erb within rescues/layout (12.1ms)


Started GET "/" for 127.0.0.1 at 2013-07-09 23:34:03 +0700

ArgumentError (Invalid route name, already in use: 'root' 
You may have defined two routes with the same name using the `:as` option, or you may be overriding a route already defined by a resource with the same naming. For the latter, you can restrict the routes created with `resources` as explained here: 
http://guides.rubyonrails.org/routing.html#restricting-the-routes-created):
  config/routes.rb:5:in `block in <top (required)>'
  config/routes.rb:1:in `<top (required)>'


  Rendered /home/hippy/.gem/ruby/2.0.0/gems/actionpack-4.0.0.rc2/lib/action_dispatch/middleware/templates/rescues/_source.erb (0.7ms)
  Rendered /home/hippy/.gem/ruby/2.0.0/gems/actionpack-4.0.0.rc2/lib/action_dispatch/middleware/templates/rescues/_trace.erb (1.2ms)
  Rendered /home/hippy/.gem/ruby/2.0.0/gems/actionpack-4.0.0.rc2/lib/action_dispatch/middleware/templates/rescues/_request_and_response.erb (1.0ms)
  Rendered /home/hippy/.gem/ruby/2.0.0/gems/actionpack-4.0.0.rc2/lib/action_dispatch/middleware/templates/rescues/diagnostics.erb within rescues/layout (12.3ms)


Started GET "/" for 127.0.0.1 at 2013-07-09 23:34:15 +0700

ArgumentError (Invalid route name, already in use: 'root' 
You may have defined two routes with the same name using the `:as` option, or you may be overriding a route already defined by a resource with the same naming. For the latter, you can restrict the routes created with `resources` as explained here: 
http://guides.rubyonrails.org/routing.html#restricting-the-routes-created):
  config/routes.rb:5:in `block in <top (required)>'
  config/routes.rb:1:in `<top (required)>'


  Rendered /home/hippy/.gem/ruby/2.0.0/gems/actionpack-4.0.0.rc2/lib/action_dispatch/middleware/templates/rescues/_source.erb (0.6ms)
  Rendered /home/hippy/.gem/ruby/2.0.0/gems/actionpack-4.0.0.rc2/lib/action_dispatch/middleware/templates/rescues/_trace.erb (1.0ms)
  Rendered /home/hippy/.gem/ruby/2.0.0/gems/actionpack-4.0.0.rc2/lib/action_dispatch/middleware/templates/rescues/_request_and_response.erb (0.9ms)
  Rendered /home/hippy/.gem/ruby/2.0.0/gems/actionpack-4.0.0.rc2/lib/action_dispatch/middleware/templates/rescues/diagnostics.erb within rescues/layout (12.3ms)


Started GET "/" for 127.0.0.1 at 2013-07-09 23:34:16 +0700

ActionController::RoutingError (No route matches [GET] "/"):
  actionpack (4.0.0.rc2) lib/action_dispatch/middleware/debug_exceptions.rb:21:in `call'
  actionpack (4.0.0.rc2) lib/action_dispatch/middleware/show_exceptions.rb:30:in `call'
  railties (4.0.0.rc2) lib/rails/rack/logger.rb:38:in `call_app'
  railties (4.0.0.rc2) lib/rails/rack/logger.rb:21:in `block in call'
  activesupport (4.0.0.rc2) lib/active_support/tagged_logging.rb:67:in `block in tagged'
  activesupport (4.0.0.rc2) lib/active_support/tagged_logging.rb:25:in `tagged'
  activesupport (4.0.0.rc2) lib/active_support/tagged_logging.rb:67:in `tagged'
  railties (4.0.0.rc2) lib/rails/rack/logger.rb:21:in `call'
  actionpack (4.0.0.rc2) lib/action_dispatch/middleware/request_id.rb:21:in `call'
  rack (1.5.2) lib/rack/methodoverride.rb:21:in `call'
  rack (1.5.2) lib/rack/runtime.rb:17:in `call'
  activesupport (4.0.0.rc2) lib/active_support/cache/strategy/local_cache.rb:83:in `call'
  rack (1.5.2) lib/rack/lock.rb:17:in `call'
  actionpack (4.0.0.rc2) lib/action_dispatch/middleware/static.rb:64:in `call'
  railties (4.0.0.rc2) lib/rails/engine.rb:511:in `call'
  railties (4.0.0.rc2) lib/rails/application.rb:97:in `call'
  rack (1.5.2) lib/rack/lock.rb:17:in `call'
  rack (1.5.2) lib/rack/content_length.rb:14:in `call'
  rack (1.5.2) lib/rack/handler/webrick.rb:60:in `service'
  /usr/lib/ruby/2.0.0/webrick/httpserver.rb:138:in `service'
  /usr/lib/ruby/2.0.0/webrick/httpserver.rb:94:in `run'
  /usr/lib/ruby/2.0.0/webrick/server.rb:295:in `block in start_thread'


  Rendered /home/hippy/.gem/ruby/2.0.0/gems/actionpack-4.0.0.rc2/lib/action_dispatch/middleware/templates/rescues/_trace.erb (1.2ms)
  Rendered /home/hippy/.gem/ruby/2.0.0/gems/actionpack-4.0.0.rc2/lib/action_dispatch/middleware/templates/routes/_route.html.erb (0.7ms)
  Rendered /home/hippy/.gem/ruby/2.0.0/gems/actionpack-4.0.0.rc2/lib/action_dispatch/middleware/templates/routes/_table.html.erb (1.0ms)
  Rendered /home/hippy/.gem/ruby/2.0.0/gems/actionpack-4.0.0.rc2/lib/action_dispatch/middleware/templates/rescues/routing_error.erb within rescues/layout (11.7ms)


Started GET "/" for 127.0.0.1 at 2013-07-09 23:34:30 +0700

ArgumentError (Invalid route name, already in use: 'root' 
You may have defined two routes with the same name using the `:as` option, or you may be overriding a route already defined by a resource with the same naming. For the latter, you can restrict the routes created with `resources` as explained here: 
http://guides.rubyonrails.org/routing.html#restricting-the-routes-created):
  config/routes.rb:5:in `block in <top (required)>'
  config/routes.rb:1:in `<top (required)>'


  Rendered /home/hippy/.gem/ruby/2.0.0/gems/actionpack-4.0.0.rc2/lib/action_dispatch/middleware/templates/rescues/_source.erb (1.1ms)
  Rendered /home/hippy/.gem/ruby/2.0.0/gems/actionpack-4.0.0.rc2/lib/action_dispatch/middleware/templates/rescues/_trace.erb (1.2ms)
  Rendered /home/hippy/.gem/ruby/2.0.0/gems/actionpack-4.0.0.rc2/lib/action_dispatch/middleware/templates/rescues/_request_and_response.erb (0.8ms)
  Rendered /home/hippy/.gem/ruby/2.0.0/gems/actionpack-4.0.0.rc2/lib/action_dispatch/middleware/templates/rescues/diagnostics.erb within rescues/layout (13.2ms)


Started GET "/" for 127.0.0.1 at 2013-07-09 23:34:35 +0700

ArgumentError (Invalid route name, already in use: 'root' 
You may have defined two routes with the same name using the `:as` option, or you may be overriding a route already defined by a resource with the same naming. For the latter, you can restrict the routes created with `resources` as explained here: 
http://guides.rubyonrails.org/routing.html#restricting-the-routes-created):
  config/routes.rb:5:in `block in <top (required)>'
  config/routes.rb:1:in `<top (required)>'


  Rendered /home/hippy/.gem/ruby/2.0.0/gems/actionpack-4.0.0.rc2/lib/action_dispatch/middleware/templates/rescues/_source.erb (0.6ms)
  Rendered /home/hippy/.gem/ruby/2.0.0/gems/actionpack-4.0.0.rc2/lib/action_dispatch/middleware/templates/rescues/_trace.erb (1.3ms)
  Rendered /home/hippy/.gem/ruby/2.0.0/gems/actionpack-4.0.0.rc2/lib/action_dispatch/middleware/templates/rescues/_request_and_response.erb (1.0ms)
  Rendered /home/hippy/.gem/ruby/2.0.0/gems/actionpack-4.0.0.rc2/lib/action_dispatch/middleware/templates/rescues/diagnostics.erb within rescues/layout (12.8ms)


Started GET "/" for 127.0.0.1 at 2013-07-09 23:45:28 +0700
Processing by Rails::WelcomeController#index as HTML
  Rendered /home/hippy/.gem/ruby/2.0.0/gems/railties-4.0.0.rc2/lib/rails/templates/rails/welcome/index.html.erb (0.1ms)
Completed 200 OK in 2ms (Views: 1.5ms | ActiveRecord: 0.0ms)


Started GET "/home/index" for 127.0.0.1 at 2013-07-09 23:49:35 +0700
  [1m[36mActiveRecord::SchemaMigration Load (0.1ms)[0m  [1mSELECT "schema_migrations".* FROM "schema_migrations"[0m
Processing by HomeController#index as HTML
  Rendered home/index.html.erb within layouts/application (0.9ms)
Completed 200 OK in 36ms (Views: 21.4ms | ActiveRecord: 0.0ms)


Started GET "/assets/application.css?body=1" for 127.0.0.1 at 2013-07-09 23:49:35 +0700


Started GET "/assets/jquery_ujs.js?body=1" for 127.0.0.1 at 2013-07-09 23:49:35 +0700


Started GET "/assets/jquery.js?body=1" for 127.0.0.1 at 2013-07-09 23:49:35 +0700


Started GET "/assets/turbolinks.js?body=1" for 127.0.0.1 at 2013-07-09 23:49:35 +0700


Started GET "/assets/application.js?body=1" for 127.0.0.1 at 2013-07-09 23:49:35 +0700


Started GET "/home/index" for 127.0.0.1 at 2013-07-09 23:50:17 +0700
Processing by HomeController#index as HTML
  Rendered home/index.html.erb within layouts/application (8.5ms)
Completed 200 OK in 13ms (Views: 12.4ms | ActiveRecord: 0.0ms)


Started GET "/assets/application.css?body=1" for 127.0.0.1 at 2013-07-09 23:50:18 +0700


Started GET "/assets/jquery.js?body=1" for 127.0.0.1 at 2013-07-09 23:50:18 +0700


Started GET "/assets/jquery_ujs.js?body=1" for 127.0.0.1 at 2013-07-09 23:50:18 +0700


Started GET "/assets/turbolinks.js?body=1" for 127.0.0.1 at 2013-07-09 23:50:18 +0700


Started GET "/assets/application.js?body=1" for 127.0.0.1 at 2013-07-09 23:50:18 +0700


Started GET "/users/sign_in" for 127.0.0.1 at 2013-07-09 23:50:22 +0700
Processing by Devise::SessionsController#new as HTML
  Rendered /home/hippy/.gem/ruby/2.0.0/gems/devise-1.5.4/app/views/devise/shared/_links.erb (3.0ms)
  Rendered /home/hippy/.gem/ruby/2.0.0/gems/devise-1.5.4/app/views/devise/sessions/new.html.erb within layouts/application (132.6ms)
Completed 200 OK in 176ms (Views: 138.5ms | ActiveRecord: 0.4ms)


Started GET "/users/sign_up" for 127.0.0.1 at 2013-07-09 23:50:34 +0700
Processing by Devise::RegistrationsController#new as HTML
  Rendered /home/hippy/.gem/ruby/2.0.0/gems/devise-1.5.4/app/views/devise/shared/_links.erb (0.5ms)
  Rendered /home/hippy/.gem/ruby/2.0.0/gems/devise-1.5.4/app/views/devise/registrations/new.html.erb within layouts/application (4.7ms)
Completed 200 OK in 10ms (Views: 8.6ms | ActiveRecord: 0.0ms)


Started POST "/users" for 127.0.0.1 at 2013-07-09 23:51:13 +0700
Processing by Devise::RegistrationsController#create as HTML
  Parameters: {"utf8"=>"✓", "authenticity_token"=>"klJFaK6WCx2UJlL4HWEv0PDiRz0mqoyT2mcuLD2c+og=", "user"=>{"email"=>"platonny@ngs.ru", "password"=>"[FILTERED]", "password_confirmation"=>"[FILTERED]"}, "commit"=>"Sign up"}
  [1m[35m (0.1ms)[0m  begin transaction
  [1m[36mUser Exists (0.2ms)[0m  [1mSELECT 1 AS one FROM "users" WHERE "users"."email" = 'platonny@ngs.ru' LIMIT 1[0m
  [1m[35mUser Exists (0.2ms)[0m  SELECT 1 AS one FROM "users" WHERE "users"."name" IS NULL LIMIT 1
  [1m[36mUser Exists (0.1ms)[0m  [1mSELECT 1 AS one FROM "users" WHERE LOWER("users"."email") = LOWER('platonny@ngs.ru') LIMIT 1[0m
  [1m[35m (0.1ms)[0m  rollback transaction
  Rendered /home/hippy/.gem/ruby/2.0.0/gems/devise-1.5.4/app/views/devise/shared/_links.erb (0.3ms)
  Rendered /home/hippy/.gem/ruby/2.0.0/gems/devise-1.5.4/app/views/devise/registrations/new.html.erb within layouts/application (5.5ms)
Completed 200 OK in 132ms (Views: 9.0ms | ActiveRecord: 0.7ms)


Started GET "/assets/application.css?body=1" for 127.0.0.1 at 2013-07-09 23:51:13 +0700


Started GET "/assets/jquery.js?body=1" for 127.0.0.1 at 2013-07-09 23:51:13 +0700


Started GET "/assets/turbolinks.js?body=1" for 127.0.0.1 at 2013-07-09 23:51:13 +0700


Started GET "/assets/jquery_ujs.js?body=1" for 127.0.0.1 at 2013-07-09 23:51:13 +0700


Started GET "/assets/application.js?body=1" for 127.0.0.1 at 2013-07-09 23:51:13 +0700


Started POST "/users" for 127.0.0.1 at 2013-07-09 23:51:26 +0700
Processing by Devise::RegistrationsController#create as HTML
  Parameters: {"utf8"=>"✓", "authenticity_token"=>"klJFaK6WCx2UJlL4HWEv0PDiRz0mqoyT2mcuLD2c+og=", "user"=>{"email"=>"platonny@ngs.ru", "password"=>"[FILTERED]", "password_confirmation"=>"[FILTERED]"}, "commit"=>"Sign up"}
  [1m[36m (0.1ms)[0m  [1mbegin transaction[0m
  [1m[35mUser Exists (0.1ms)[0m  SELECT 1 AS one FROM "users" WHERE "users"."email" = 'platonny@ngs.ru' LIMIT 1
  [1m[36mUser Exists (0.1ms)[0m  [1mSELECT 1 AS one FROM "users" WHERE "users"."name" IS NULL LIMIT 1[0m
  [1m[35mUser Exists (0.1ms)[0m  SELECT 1 AS one FROM "users" WHERE LOWER("users"."email") = LOWER('platonny@ngs.ru') LIMIT 1
  [1m[36m (0.0ms)[0m  [1mrollback transaction[0m
  Rendered /home/hippy/.gem/ruby/2.0.0/gems/devise-1.5.4/app/views/devise/shared/_links.erb (0.2ms)
  Rendered /home/hippy/.gem/ruby/2.0.0/gems/devise-1.5.4/app/views/devise/registrations/new.html.erb within layouts/application (3.3ms)
Completed 200 OK in 83ms (Views: 6.0ms | ActiveRecord: 0.4ms)


Started GET "/assets/jquery.js?body=1" for 127.0.0.1 at 2013-07-09 23:51:26 +0700


Started GET "/assets/application.css?body=1" for 127.0.0.1 at 2013-07-09 23:51:26 +0700


Started GET "/assets/application.js?body=1" for 127.0.0.1 at 2013-07-09 23:51:26 +0700


Started GET "/assets/jquery_ujs.js?body=1" for 127.0.0.1 at 2013-07-09 23:51:26 +0700


Started GET "/assets/turbolinks.js?body=1" for 127.0.0.1 at 2013-07-09 23:51:26 +0700


Started POST "/users" for 127.0.0.1 at 2013-07-09 23:55:15 +0700
  [1m[36mActiveRecord::SchemaMigration Load (0.2ms)[0m  [1mSELECT "schema_migrations".* FROM "schema_migrations"[0m
Processing by Devise::RegistrationsController#create as HTML
  Parameters: {"utf8"=>"✓", "authenticity_token"=>"klJFaK6WCx2UJlL4HWEv0PDiRz0mqoyT2mcuLD2c+og=", "user"=>{"email"=>"platonny@ngs.ru", "password"=>"[FILTERED]", "password_confirmation"=>"[FILTERED]"}, "commit"=>"Sign up"}
  [1m[35m (0.1ms)[0m  begin transaction
  [1m[36mUser Exists (0.2ms)[0m  [1mSELECT 1 AS one FROM "users" WHERE "users"."email" = 'platonny@ngs.ru' LIMIT 1[0m
  [1m[35mUser Exists (0.2ms)[0m  SELECT 1 AS one FROM "users" WHERE "users"."name" IS NULL LIMIT 1
  [1m[36mUser Exists (0.1ms)[0m  [1mSELECT 1 AS one FROM "users" WHERE LOWER("users"."email") = LOWER('platonny@ngs.ru') LIMIT 1[0m
  [1m[35m (0.1ms)[0m  rollback transaction
  Rendered /home/hippy/.gem/ruby/2.0.0/gems/devise-1.5.4/app/views/devise/shared/_links.erb (1.2ms)
  Rendered devise/registrations/new.html.erb within layouts/application (12.1ms)
Completed 200 OK in 215ms (Views: 31.9ms | ActiveRecord: 1.2ms)


Started GET "/assets/application.css?body=1" for 127.0.0.1 at 2013-07-09 23:55:15 +0700


Started GET "/assets/jquery_ujs.js?body=1" for 127.0.0.1 at 2013-07-09 23:55:15 +0700


Started GET "/assets/jquery.js?body=1" for 127.0.0.1 at 2013-07-09 23:55:15 +0700


Started GET "/assets/turbolinks.js?body=1" for 127.0.0.1 at 2013-07-09 23:55:15 +0700


Started GET "/assets/application.js?body=1" for 127.0.0.1 at 2013-07-09 23:55:15 +0700


Started POST "/users" for 127.0.0.1 at 2013-07-09 23:55:45 +0700
Processing by Devise::RegistrationsController#create as HTML
  Parameters: {"utf8"=>"✓", "authenticity_token"=>"klJFaK6WCx2UJlL4HWEv0PDiRz0mqoyT2mcuLD2c+og=", "user"=>{"name"=>"platon", "email"=>"platonny@ngs.ru", "password"=>"[FILTERED]", "password_confirmation"=>"[FILTERED]"}, "commit"=>"Sign up"}
WARNING: Can't mass-assign protected attributes for User: name

  [1m[36m (0.4ms)[0m  [1mbegin transaction[0m
  [1m[35mUser Exists (0.2ms)[0m  SELECT 1 AS one FROM "users" WHERE "users"."email" = 'platonny@ngs.ru' LIMIT 1
  [1m[36mUser Exists (0.1ms)[0m  [1mSELECT 1 AS one FROM "users" WHERE "users"."name" IS NULL LIMIT 1[0m
  [1m[35mUser Exists (0.1ms)[0m  SELECT 1 AS one FROM "users" WHERE LOWER("users"."email") = LOWER('platonny@ngs.ru') LIMIT 1
  [1m[36m (0.1ms)[0m  [1mrollback transaction[0m
  Rendered /home/hippy/.gem/ruby/2.0.0/gems/devise-1.5.4/app/views/devise/shared/_links.erb (0.2ms)
  Rendered devise/registrations/new.html.erb within layouts/application (4.4ms)
Completed 200 OK in 128ms (Views: 7.3ms | ActiveRecord: 0.8ms)


Started GET "/assets/application.css?body=1" for 127.0.0.1 at 2013-07-09 23:55:45 +0700


Started GET "/assets/jquery.js?body=1" for 127.0.0.1 at 2013-07-09 23:55:45 +0700


Started GET "/assets/jquery_ujs.js?body=1" for 127.0.0.1 at 2013-07-09 23:55:45 +0700


Started GET "/assets/turbolinks.js?body=1" for 127.0.0.1 at 2013-07-09 23:55:45 +0700


Started GET "/assets/application.js?body=1" for 127.0.0.1 at 2013-07-09 23:55:45 +0700


Started POST "/users" for 127.0.0.1 at 2013-07-09 23:56:02 +0700
Processing by Devise::RegistrationsController#create as HTML
  Parameters: {"utf8"=>"✓", "authenticity_token"=>"klJFaK6WCx2UJlL4HWEv0PDiRz0mqoyT2mcuLD2c+og=", "user"=>{"name"=>"platon", "email"=>"platonny@ngs.ru", "password"=>"[FILTERED]", "password_confirmation"=>"[FILTERED]"}, "commit"=>"Sign up"}
WARNING: Can't mass-assign protected attributes for User: name

  [1m[35m (0.1ms)[0m  begin transaction
  [1m[36mUser Exists (0.1ms)[0m  [1mSELECT 1 AS one FROM "users" WHERE "users"."email" = 'platonny@ngs.ru' LIMIT 1[0m
  [1m[35mUser Exists (0.1ms)[0m  SELECT 1 AS one FROM "users" WHERE "users"."name" IS NULL LIMIT 1
  [1m[36mUser Exists (0.1ms)[0m  [1mSELECT 1 AS one FROM "users" WHERE LOWER("users"."email") = LOWER('platonny@ngs.ru') LIMIT 1[0m
  [1m[35m (0.1ms)[0m  rollback transaction
  Rendered /home/hippy/.gem/ruby/2.0.0/gems/devise-1.5.4/app/views/devise/shared/_links.erb (0.2ms)
  Rendered devise/registrations/new.html.erb within layouts/application (4.3ms)
Completed 200 OK in 87ms (Views: 7.3ms | ActiveRecord: 0.5ms)


Started GET "/assets/jquery.js?body=1" for 127.0.0.1 at 2013-07-09 23:56:02 +0700


Started GET "/assets/turbolinks.js?body=1" for 127.0.0.1 at 2013-07-09 23:56:02 +0700


Started GET "/assets/application.css?body=1" for 127.0.0.1 at 2013-07-09 23:56:02 +0700


Started GET "/assets/jquery_ujs.js?body=1" for 127.0.0.1 at 2013-07-09 23:56:02 +0700


Started GET "/assets/application.js?body=1" for 127.0.0.1 at 2013-07-09 23:56:02 +0700


Started GET "/users" for 127.0.0.1 at 2013-07-10 00:05:05 +0700
  [1m[36mActiveRecord::SchemaMigration Load (0.1ms)[0m  [1mSELECT "schema_migrations".* FROM "schema_migrations"[0m

ActionController::RoutingError (No route matches [GET] "/users"):
  actionpack (4.0.0.rc2) lib/action_dispatch/middleware/debug_exceptions.rb:21:in `call'
  actionpack (4.0.0.rc2) lib/action_dispatch/middleware/show_exceptions.rb:30:in `call'
  railties (4.0.0.rc2) lib/rails/rack/logger.rb:38:in `call_app'
  railties (4.0.0.rc2) lib/rails/rack/logger.rb:21:in `block in call'
  activesupport (4.0.0.rc2) lib/active_support/tagged_logging.rb:67:in `block in tagged'
  activesupport (4.0.0.rc2) lib/active_support/tagged_logging.rb:25:in `tagged'
  activesupport (4.0.0.rc2) lib/active_support/tagged_logging.rb:67:in `tagged'
  railties (4.0.0.rc2) lib/rails/rack/logger.rb:21:in `call'
  actionpack (4.0.0.rc2) lib/action_dispatch/middleware/request_id.rb:21:in `call'
  rack (1.5.2) lib/rack/methodoverride.rb:21:in `call'
  rack (1.5.2) lib/rack/runtime.rb:17:in `call'
  activesupport (4.0.0.rc2) lib/active_support/cache/strategy/local_cache.rb:83:in `call'
  rack (1.5.2) lib/rack/lock.rb:17:in `call'
  actionpack (4.0.0.rc2) lib/action_dispatch/middleware/static.rb:64:in `call'
  railties (4.0.0.rc2) lib/rails/engine.rb:511:in `call'
  railties (4.0.0.rc2) lib/rails/application.rb:97:in `call'
  rack (1.5.2) lib/rack/lock.rb:17:in `call'
  rack (1.5.2) lib/rack/content_length.rb:14:in `call'
  rack (1.5.2) lib/rack/handler/webrick.rb:60:in `service'
  /usr/lib/ruby/2.0.0/webrick/httpserver.rb:138:in `service'
  /usr/lib/ruby/2.0.0/webrick/httpserver.rb:94:in `run'
  /usr/lib/ruby/2.0.0/webrick/server.rb:295:in `block in start_thread'


  Rendered /home/hippy/.gem/ruby/2.0.0/gems/actionpack-4.0.0.rc2/lib/action_dispatch/middleware/templates/rescues/_trace.erb (0.9ms)
  Rendered /home/hippy/.gem/ruby/2.0.0/gems/actionpack-4.0.0.rc2/lib/action_dispatch/middleware/templates/routes/_route.html.erb (2.2ms)
  Rendered /home/hippy/.gem/ruby/2.0.0/gems/actionpack-4.0.0.rc2/lib/action_dispatch/middleware/templates/routes/_table.html.erb (3.4ms)
  Rendered /home/hippy/.gem/ruby/2.0.0/gems/actionpack-4.0.0.rc2/lib/action_dispatch/middleware/templates/rescues/routing_error.erb within rescues/layout (22.1ms)


Started GET "/home/index" for 127.0.0.1 at 2013-07-10 00:05:19 +0700
Processing by HomeController#index as HTML
  Rendered home/index.html.erb within layouts/application (7.4ms)
Completed 200 OK in 76ms (Views: 60.5ms | ActiveRecord: 0.0ms)


Started GET "/assets/application.css?body=1" for 127.0.0.1 at 2013-07-10 00:05:19 +0700


Started GET "/assets/jquery_ujs.js?body=1" for 127.0.0.1 at 2013-07-10 00:05:19 +0700


Started GET "/assets/jquery.js?body=1" for 127.0.0.1 at 2013-07-10 00:05:19 +0700


Started GET "/assets/turbolinks.js?body=1" for 127.0.0.1 at 2013-07-10 00:05:19 +0700


Started GET "/assets/application.js?body=1" for 127.0.0.1 at 2013-07-10 00:05:19 +0700


Started GET "/users/sign_in" for 127.0.0.1 at 2013-07-10 00:05:21 +0700
Processing by Devise::SessionsController#new as HTML
  Rendered /home/hippy/.gem/ruby/2.0.0/gems/devise-1.5.4/app/views/devise/shared/_links.erb (1.1ms)
  Rendered /home/hippy/.gem/ruby/2.0.0/gems/devise-1.5.4/app/views/devise/sessions/new.html.erb within layouts/application (15.6ms)
Completed 200 OK in 63ms (Views: 19.8ms | ActiveRecord: 0.4ms)


Started GET "/users/sign_up" for 127.0.0.1 at 2013-07-10 00:05:27 +0700
Processing by Devise::RegistrationsController#new as HTML
  Rendered /home/hippy/.gem/ruby/2.0.0/gems/devise-1.5.4/app/views/devise/shared/_links.erb (0.3ms)
  Rendered devise/registrations/new.html.erb within layouts/application (4.5ms)
Completed 200 OK in 9ms (Views: 7.5ms | ActiveRecord: 0.0ms)


Started GET "/users/sign_up" for 127.0.0.1 at 2013-07-10 00:09:07 +0700
  [1m[36mActiveRecord::SchemaMigration Load (0.1ms)[0m  [1mSELECT "schema_migrations".* FROM "schema_migrations"[0m
Processing by Devise::RegistrationsController#new as HTML
  Rendered devise/shared/_links.erb (1.5ms)
  Rendered devise/registrations/new.html.erb within layouts/application (85.6ms)
Completed 200 OK in 129ms (Views: 106.2ms | ActiveRecord: 0.4ms)


Started GET "/assets/application.css?body=1" for 127.0.0.1 at 2013-07-10 00:09:08 +0700


Started GET "/assets/jquery.js?body=1" for 127.0.0.1 at 2013-07-10 00:09:08 +0700


Started GET "/assets/jquery_ujs.js?body=1" for 127.0.0.1 at 2013-07-10 00:09:08 +0700


Started GET "/assets/turbolinks.js?body=1" for 127.0.0.1 at 2013-07-10 00:09:08 +0700


Started GET "/assets/application.js?body=1" for 127.0.0.1 at 2013-07-10 00:09:08 +0700


Started GET "/users/sign_in" for 127.0.0.1 at 2013-07-10 00:09:10 +0700
Processing by Devise::SessionsController#new as HTML
  Rendered devise/shared/_links.erb (0.4ms)
  Rendered devise/sessions/new.html.erb within layouts/application (5.4ms)
Completed 200 OK in 11ms (Views: 8.5ms | ActiveRecord: 0.0ms)


Started GET "/users/sign_up" for 127.0.0.1 at 2013-07-10 00:09:12 +0700
Processing by Devise::RegistrationsController#new as HTML
  Rendered devise/shared/_links.erb (0.2ms)
  Rendered devise/registrations/new.html.erb within layouts/application (2.7ms)
Completed 200 OK in 7ms (Views: 5.9ms | ActiveRecord: 0.0ms)


Started GET "/users/sign_in" for 127.0.0.1 at 2013-07-10 00:09:14 +0700
Processing by Devise::SessionsController#new as HTML
  Rendered devise/shared/_links.erb (0.4ms)
  Rendered devise/sessions/new.html.erb within layouts/application (6.7ms)
Completed 200 OK in 11ms (Views: 9.8ms | ActiveRecord: 0.0ms)


Started GET "/users/sign_up" for 127.0.0.1 at 2013-07-10 00:09:14 +0700
Processing by Devise::RegistrationsController#new as HTML
  Rendered devise/shared/_links.erb (0.2ms)
  Rendered devise/registrations/new.html.erb within layouts/application (4.1ms)
Completed 200 OK in 8ms (Views: 7.3ms | ActiveRecord: 0.0ms)


Started GET "/users/sign_in" for 127.0.0.1 at 2013-07-10 00:09:15 +0700
Processing by Devise::SessionsController#new as HTML
  Rendered devise/shared/_links.erb (0.2ms)
  Rendered devise/sessions/new.html.erb within layouts/application (40.7ms)
Completed 200 OK in 45ms (Views: 43.4ms | ActiveRecord: 0.0ms)


Started GET "/users/sign_up" for 127.0.0.1 at 2013-07-10 00:09:16 +0700
Processing by Devise::RegistrationsController#new as HTML
  Rendered devise/shared/_links.erb (0.2ms)
  Rendered devise/registrations/new.html.erb within layouts/application (2.5ms)
Completed 200 OK in 6ms (Views: 4.9ms | ActiveRecord: 0.0ms)


Started GET "/users/sign_up" for 127.0.0.1 at 2013-07-10 00:14:48 +0700
  [1m[36mActiveRecord::SchemaMigration Load (0.1ms)[0m  [1mSELECT "schema_migrations".* FROM "schema_migrations"[0m
Processing by Devise::RegistrationsController#new as HTML
  Rendered devise/shared/_links.erb (1.3ms)
  Rendered devise/registrations/new.html.erb within layouts/application (88.4ms)
Completed 200 OK in 133ms (Views: 110.0ms | ActiveRecord: 0.4ms)


Started GET "/assets/application.css?body=1" for 127.0.0.1 at 2013-07-10 00:14:48 +0700


Started GET "/assets/jquery.js?body=1" for 127.0.0.1 at 2013-07-10 00:14:48 +0700


Started GET "/assets/jquery_ujs.js?body=1" for 127.0.0.1 at 2013-07-10 00:14:48 +0700


Started GET "/assets/turbolinks.js?body=1" for 127.0.0.1 at 2013-07-10 00:14:48 +0700


Started GET "/assets/application.js?body=1" for 127.0.0.1 at 2013-07-10 00:14:48 +0700


Started POST "/users" for 127.0.0.1 at 2013-07-10 00:15:10 +0700
Processing by Devise::RegistrationsController#create as HTML
  Parameters: {"utf8"=>"✓", "authenticity_token"=>"klJFaK6WCx2UJlL4HWEv0PDiRz0mqoyT2mcuLD2c+og=", "user"=>{"name"=>"platon", "email"=>"platonny@ngs.ru", "password"=>"[FILTERED]", "password_confirmation"=>"[FILTERED]"}, "commit"=>"Sign up"}
  [1m[35m (0.1ms)[0m  begin transaction
  [1m[36mUser Exists (0.2ms)[0m  [1mSELECT 1 AS one FROM "users" WHERE "users"."email" = 'platonny@ngs.ru' LIMIT 1[0m
  [1m[35mUser Exists (0.1ms)[0m  SELECT 1 AS one FROM "users" WHERE LOWER("users"."name") = LOWER('platon') LIMIT 1
  [1m[36mUser Exists (0.1ms)[0m  [1mSELECT 1 AS one FROM "users" WHERE LOWER("users"."email") = LOWER('platonny@ngs.ru') LIMIT 1[0m
Binary data inserted for `string` type on column `encrypted_password`
  [1m[35mSQL (48.8ms)[0m  INSERT INTO "users" ("created_at", "email", "encrypted_password", "name", "updated_at") VALUES (?, ?, ?, ?, ?)  [["created_at", Tue, 09 Jul 2013 17:15:11 UTC +00:00], ["email", "platonny@ngs.ru"], ["encrypted_password", "$2a$10$8UPUCOl896J8qsouTkpHq.1GaNsR6cM8sGdQZtCA8TzeAnN9vNTiS"], ["name", "platon"], ["updated_at", Tue, 09 Jul 2013 17:15:11 UTC +00:00]]
  [1m[36m (137.7ms)[0m  [1mcommit transaction[0m
  [1m[35m (0.1ms)[0m  begin transaction
Binary data inserted for `string` type on column `last_sign_in_ip`
Binary data inserted for `string` type on column `current_sign_in_ip`
  [1m[36mSQL (0.6ms)[0m  [1mUPDATE "users" SET "last_sign_in_at" = ?, "current_sign_in_at" = ?, "last_sign_in_ip" = ?, "current_sign_in_ip" = ?, "sign_in_count" = ?, "updated_at" = ? WHERE "users"."id" = 1[0m  [["last_sign_in_at", Tue, 09 Jul 2013 17:15:11 UTC +00:00], ["current_sign_in_at", Tue, 09 Jul 2013 17:15:11 UTC +00:00], ["last_sign_in_ip", "127.0.0.1"], ["current_sign_in_ip", "127.0.0.1"], ["sign_in_count", 1], ["updated_at", Tue, 09 Jul 2013 17:15:11 UTC +00:00]]
  [1m[35m (104.2ms)[0m  commit transaction
Completed 500 Internal Server Error in 423ms

NameError (undefined local variable or method `root_path' for #<Devise::RegistrationsController:0x00000003117080>):
  devise (1.5.4) lib/devise/controllers/helpers.rb:171:in `signed_in_root_path'
  devise (1.5.4) lib/devise/controllers/helpers.rb:202:in `after_sign_in_path_for'
  devise (1.5.4) app/controllers/devise/registrations_controller.rb:83:in `after_sign_up_path_for'
  devise (1.5.4) app/controllers/devise/registrations_controller.rb:20:in `create'
  actionpack (4.0.0.rc2) lib/action_controller/metal/implicit_render.rb:4:in `send_action'
  actionpack (4.0.0.rc2) lib/abstract_controller/base.rb:189:in `process_action'
  actionpack (4.0.0.rc2) lib/action_controller/metal/rendering.rb:10:in `process_action'
  actionpack (4.0.0.rc2) lib/abstract_controller/callbacks.rb:18:in `block in process_action'
  activesupport (4.0.0.rc2) lib/active_support/callbacks.rb:433:in `_run__4119092832195813977__process_action__callbacks'
  activesupport (4.0.0.rc2) lib/active_support/callbacks.rb:80:in `run_callbacks'
  actionpack (4.0.0.rc2) lib/abstract_controller/callbacks.rb:17:in `process_action'
  actionpack (4.0.0.rc2) lib/action_controller/metal/rescue.rb:29:in `process_action'
  actionpack (4.0.0.rc2) lib/action_controller/metal/instrumentation.rb:31:in `block in process_action'
  activesupport (4.0.0.rc2) lib/active_support/notifications.rb:159:in `block in instrument'
  activesupport (4.0.0.rc2) lib/active_support/notifications/instrumenter.rb:20:in `instrument'
  activesupport (4.0.0.rc2) lib/active_support/notifications.rb:159:in `instrument'
  actionpack (4.0.0.rc2) lib/action_controller/metal/instrumentation.rb:30:in `process_action'
  actionpack (4.0.0.rc2) lib/action_controller/metal/params_wrapper.rb:245:in `process_action'
  activerecord (4.0.0.rc2) lib/active_record/railties/controller_runtime.rb:18:in `process_action'
  actionpack (4.0.0.rc2) lib/abstract_controller/base.rb:136:in `process'
  actionpack (4.0.0.rc2) lib/abstract_controller/rendering.rb:44:in `process'
  actionpack (4.0.0.rc2) lib/action_controller/metal.rb:195:in `dispatch'
  actionpack (4.0.0.rc2) lib/action_controller/metal/rack_delegation.rb:13:in `dispatch'
  actionpack (4.0.0.rc2) lib/action_controller/metal.rb:231:in `block in action'
  actionpack (4.0.0.rc2) lib/action_dispatch/routing/route_set.rb:80:in `call'
  actionpack (4.0.0.rc2) lib/action_dispatch/routing/route_set.rb:80:in `dispatch'
  actionpack (4.0.0.rc2) lib/action_dispatch/routing/route_set.rb:48:in `call'
  actionpack (4.0.0.rc2) lib/action_dispatch/routing/mapper.rb:44:in `call'
  actionpack (4.0.0.rc2) lib/action_dispatch/journey/router.rb:71:in `block in call'
  actionpack (4.0.0.rc2) lib/action_dispatch/journey/router.rb:59:in `each'
  actionpack (4.0.0.rc2) lib/action_dispatch/journey/router.rb:59:in `call'
  actionpack (4.0.0.rc2) lib/action_dispatch/routing/route_set.rb:655:in `call'
  warden (1.2.1) lib/warden/manager.rb:35:in `block in call'
  warden (1.2.1) lib/warden/manager.rb:34:in `catch'
  warden (1.2.1) lib/warden/manager.rb:34:in `call'
  rack (1.5.2) lib/rack/etag.rb:23:in `call'
  rack (1.5.2) lib/rack/conditionalget.rb:35:in `call'
  rack (1.5.2) lib/rack/head.rb:11:in `call'
  actionpack (4.0.0.rc2) lib/action_dispatch/middleware/params_parser.rb:27:in `call'
  actionpack (4.0.0.rc2) lib/action_dispatch/middleware/flash.rb:241:in `call'
  rack (1.5.2) lib/rack/session/abstract/id.rb:225:in `context'
  rack (1.5.2) lib/rack/session/abstract/id.rb:220:in `call'
  actionpack (4.0.0.rc2) lib/action_dispatch/middleware/cookies.rb:486:in `call'
  activerecord (4.0.0.rc2) lib/active_record/query_cache.rb:36:in `call'
  activerecord (4.0.0.rc2) lib/active_record/connection_adapters/abstract/connection_pool.rb:626:in `call'
  activerecord (4.0.0.rc2) lib/active_record/migration.rb:369:in `call'
  actionpack (4.0.0.rc2) lib/action_dispatch/middleware/callbacks.rb:29:in `block in call'
  activesupport (4.0.0.rc2) lib/active_support/callbacks.rb:373:in `_run__4315004351812588995__call__callbacks'
  activesupport (4.0.0.rc2) lib/active_support/callbacks.rb:80:in `run_callbacks'
  actionpack (4.0.0.rc2) lib/action_dispatch/middleware/callbacks.rb:27:in `call'
  actionpack (4.0.0.rc2) lib/action_dispatch/middleware/reloader.rb:64:in `call'
  actionpack (4.0.0.rc2) lib/action_dispatch/middleware/remote_ip.rb:76:in `call'
  actionpack (4.0.0.rc2) lib/action_dispatch/middleware/debug_exceptions.rb:17:in `call'
  actionpack (4.0.0.rc2) lib/action_dispatch/middleware/show_exceptions.rb:30:in `call'
  railties (4.0.0.rc2) lib/rails/rack/logger.rb:38:in `call_app'
  railties (4.0.0.rc2) lib/rails/rack/logger.rb:21:in `block in call'
  activesupport (4.0.0.rc2) lib/active_support/tagged_logging.rb:67:in `block in tagged'
  activesupport (4.0.0.rc2) lib/active_support/tagged_logging.rb:25:in `tagged'
  activesupport (4.0.0.rc2) lib/active_support/tagged_logging.rb:67:in `tagged'
  railties (4.0.0.rc2) lib/rails/rack/logger.rb:21:in `call'
  actionpack (4.0.0.rc2) lib/action_dispatch/middleware/request_id.rb:21:in `call'
  rack (1.5.2) lib/rack/methodoverride.rb:21:in `call'
  rack (1.5.2) lib/rack/runtime.rb:17:in `call'
  activesupport (4.0.0.rc2) lib/active_support/cache/strategy/local_cache.rb:83:in `call'
  rack (1.5.2) lib/rack/lock.rb:17:in `call'
  actionpack (4.0.0.rc2) lib/action_dispatch/middleware/static.rb:64:in `call'
  railties (4.0.0.rc2) lib/rails/engine.rb:511:in `call'
  railties (4.0.0.rc2) lib/rails/application.rb:97:in `call'
  rack (1.5.2) lib/rack/lock.rb:17:in `call'
  rack (1.5.2) lib/rack/content_length.rb:14:in `call'
  rack (1.5.2) lib/rack/handler/webrick.rb:60:in `service'
  /usr/lib/ruby/2.0.0/webrick/httpserver.rb:138:in `service'
  /usr/lib/ruby/2.0.0/webrick/httpserver.rb:94:in `run'
  /usr/lib/ruby/2.0.0/webrick/server.rb:295:in `block in start_thread'


  Rendered /home/hippy/.gem/ruby/2.0.0/gems/actionpack-4.0.0.rc2/lib/action_dispatch/middleware/templates/rescues/_source.erb (0.5ms)
  Rendered /home/hippy/.gem/ruby/2.0.0/gems/actionpack-4.0.0.rc2/lib/action_dispatch/middleware/templates/rescues/_trace.erb (1.2ms)
  Rendered /home/hippy/.gem/ruby/2.0.0/gems/actionpack-4.0.0.rc2/lib/action_dispatch/middleware/templates/rescues/_request_and_response.erb (1.0ms)
  Rendered /home/hippy/.gem/ruby/2.0.0/gems/actionpack-4.0.0.rc2/lib/action_dispatch/middleware/templates/rescues/diagnostics.erb within rescues/layout (16.1ms)


Started GET "/" for 127.0.0.1 at 2013-07-10 00:20:08 +0700
  [1m[36mActiveRecord::SchemaMigration Load (0.1ms)[0m  [1mSELECT "schema_migrations".* FROM "schema_migrations"[0m
Processing by Rails::WelcomeController#index as HTML
  Rendered /home/hippy/.gem/ruby/2.0.0/gems/railties-4.0.0.rc2/lib/rails/templates/rails/welcome/index.html.erb (4.5ms)
Completed 200 OK in 24ms (Views: 9.0ms | ActiveRecord: 0.0ms)


Started GET "/" for 127.0.0.1 at 2013-07-10 01:24:02 +0700
  [1m[36mActiveRecord::SchemaMigration Load (0.1ms)[0m  [1mSELECT "schema_migrations".* FROM "schema_migrations"[0m
Processing by Rails::WelcomeController#index as HTML
  Rendered /home/hippy/.gem/ruby/2.0.0/gems/railties-4.0.0.rc2/lib/rails/templates/rails/welcome/index.html.erb (1.3ms)
Completed 200 OK in 25ms (Views: 10.0ms | ActiveRecord: 0.0ms)


Started GET "/" for 127.0.0.1 at 2013-07-10 01:24:02 +0700
Processing by Rails::WelcomeController#index as HTML
  Rendered /home/hippy/.gem/ruby/2.0.0/gems/railties-4.0.0.rc2/lib/rails/templates/rails/welcome/index.html.erb (0.1ms)
Completed 200 OK in 4ms (Views: 3.0ms | ActiveRecord: 0.0ms)


Started GET "/" for 127.0.0.1 at 2013-07-10 01:25:56 +0700
  [1m[36mActiveRecord::SchemaMigration Load (0.1ms)[0m  [1mSELECT "schema_migrations".* FROM "schema_migrations"[0m
Processing by HomeController#index as HTML
  Rendered home/index.html.erb within layouts/application (14.5ms)
Completed 200 OK in 139ms (Views: 124.6ms | ActiveRecord: 0.0ms)


Started GET "/assets/application.css?body=1" for 127.0.0.1 at 2013-07-10 01:25:56 +0700


Started GET "/assets/jquery.js?body=1" for 127.0.0.1 at 2013-07-10 01:25:56 +0700


Started GET "/assets/turbolinks.js?body=1" for 127.0.0.1 at 2013-07-10 01:25:56 +0700


Started GET "/assets/jquery_ujs.js?body=1" for 127.0.0.1 at 2013-07-10 01:25:56 +0700


Started GET "/assets/application.js?body=1" for 127.0.0.1 at 2013-07-10 01:25:56 +0700


Started GET "/users/sign_in" for 127.0.0.1 at 2013-07-10 01:26:05 +0700
Processing by Devise::SessionsController#new as HTML
  Rendered devise/shared/_links.erb (1.1ms)
  Rendered devise/sessions/new.html.erb within layouts/application (91.4ms)
Completed 200 OK in 159ms (Views: 122.1ms | ActiveRecord: 0.4ms)


Started GET "/users/sign_up" for 127.0.0.1 at 2013-07-10 01:26:08 +0700
Processing by Devise::RegistrationsController#new as HTML
  Rendered devise/shared/_links.erb (0.4ms)
  Rendered devise/registrations/new.html.erb within layouts/application (8.9ms)
Completed 200 OK in 17ms (Views: 14.3ms | ActiveRecord: 0.0ms)


Started GET "/users/sign_in" for 127.0.0.1 at 2013-07-10 01:26:10 +0700
Processing by Devise::SessionsController#new as HTML
  Rendered devise/shared/_links.erb (0.2ms)
  Rendered devise/sessions/new.html.erb within layouts/application (3.0ms)
Completed 200 OK in 9ms (Views: 6.2ms | ActiveRecord: 0.0ms)


Started POST "/users/sign_in" for 127.0.0.1 at 2013-07-10 01:26:11 +0700
Processing by Devise::SessionsController#create as HTML
  Parameters: {"utf8"=>"✓", "authenticity_token"=>"klJFaK6WCx2UJlL4HWEv0PDiRz0mqoyT2mcuLD2c+og=", "user"=>{"login"=>"", "password"=>"[FILTERED]", "remember_me"=>"0"}, "commit"=>"Sign in"}
Completed 401 Unauthorized in 2ms
Processing by Devise::SessionsController#new as HTML
  Parameters: {"utf8"=>"✓", "authenticity_token"=>"klJFaK6WCx2UJlL4HWEv0PDiRz0mqoyT2mcuLD2c+og=", "user"=>{"login"=>"", "password"=>"[FILTERED]", "remember_me"=>"0"}, "commit"=>"Sign in"}
  Rendered devise/shared/_links.erb (41.5ms)
  Rendered devise/sessions/new.html.erb within layouts/application (45.0ms)
Completed 200 OK in 50ms (Views: 48.9ms | ActiveRecord: 0.0ms)


Started GET "/assets/jquery_ujs.js?body=1" for 127.0.0.1 at 2013-07-10 01:26:12 +0700


Started GET "/assets/jquery.js?body=1" for 127.0.0.1 at 2013-07-10 01:26:12 +0700


Started GET "/assets/application.js?body=1" for 127.0.0.1 at 2013-07-10 01:26:12 +0700


Started GET "/assets/application.css?body=1" for 127.0.0.1 at 2013-07-10 01:26:12 +0700


Started GET "/assets/turbolinks.js?body=1" for 127.0.0.1 at 2013-07-10 01:26:12 +0700


Started GET "/users/sign_up" for 127.0.0.1 at 2013-07-10 01:26:15 +0700
Processing by Devise::RegistrationsController#new as HTML
  Rendered devise/shared/_links.erb (0.2ms)
  Rendered devise/registrations/new.html.erb within layouts/application (5.1ms)
Completed 200 OK in 10ms (Views: 8.3ms | ActiveRecord: 0.0ms)


Started GET "/assets/turbolinks.js?body=1" for 127.0.0.1 at 2013-07-10 01:26:15 +0700


Started GET "/assets/application.css?body=1" for 127.0.0.1 at 2013-07-10 01:26:15 +0700


Started GET "/assets/jquery.js?body=1" for 127.0.0.1 at 2013-07-10 01:26:15 +0700


Started GET "/assets/jquery_ujs.js?body=1" for 127.0.0.1 at 2013-07-10 01:26:15 +0700


Started GET "/assets/application.js?body=1" for 127.0.0.1 at 2013-07-10 01:26:15 +0700


Started GET "/" for 127.0.0.1 at 2013-07-10 02:10:23 +0700
  [1m[36mActiveRecord::SchemaMigration Load (0.1ms)[0m  [1mSELECT "schema_migrations".* FROM "schema_migrations"[0m
Processing by HomeController#index as HTML
  Rendered home/index.html.erb within layouts/application (8.7ms)
Completed 200 OK in 192ms (Views: 165.5ms | ActiveRecord: 0.0ms)


Started GET "/assets/application.css?body=1" for 127.0.0.1 at 2013-07-10 02:10:23 +0700


Started GET "/assets/jquery.js?body=1" for 127.0.0.1 at 2013-07-10 02:10:23 +0700


Started GET "/assets/jquery_ujs.js?body=1" for 127.0.0.1 at 2013-07-10 02:10:23 +0700


Started GET "/assets/turbolinks.js?body=1" for 127.0.0.1 at 2013-07-10 02:10:23 +0700


Started GET "/assets/application.js?body=1" for 127.0.0.1 at 2013-07-10 02:10:23 +0700


Started GET "/users/sign_in" for 127.0.0.1 at 2013-07-10 02:10:28 +0700
Processing by Devise::SessionsController#new as HTML
  Rendered devise/shared/_links.erb (2.1ms)
  Rendered devise/sessions/new.html.erb within layouts/application (220.1ms)
Completed 200 OK in 269ms (Views: 229.3ms | ActiveRecord: 0.4ms)


Started GET "/users/sign_up" for 127.0.0.1 at 2013-07-10 02:10:30 +0700
Processing by Devise::RegistrationsController#new as HTML
  Rendered devise/shared/_links.erb (0.8ms)
  Rendered devise/registrations/new.html.erb within layouts/application (9.6ms)
Completed 200 OK in 17ms (Views: 15.6ms | ActiveRecord: 0.0ms)


Started POST "/users" for 127.0.0.1 at 2013-07-10 02:10:44 +0700
Processing by Devise::RegistrationsController#create as HTML
  Parameters: {"utf8"=>"✓", "authenticity_token"=>"Q1tYoWmMZW3xJ3jbaCPqyhJqhiTLkNIJyTwrVKihb0k=", "user"=>{"name"=>"platon", "email"=>"platonny@ngs.ru", "password"=>"[FILTERED]", "password_confirmation"=>"[FILTERED]"}, "commit"=>"Sign up"}
  [1m[35m (0.1ms)[0m  begin transaction
  [1m[36mUser Exists (0.3ms)[0m  [1mSELECT 1 AS one FROM "users" WHERE "users"."email" = 'platonny@ngs.ru' LIMIT 1[0m
  [1m[35mUser Exists (0.2ms)[0m  SELECT 1 AS one FROM "users" WHERE LOWER("users"."name") = LOWER('platon') LIMIT 1
  [1m[36mUser Exists (0.2ms)[0m  [1mSELECT 1 AS one FROM "users" WHERE LOWER("users"."email") = LOWER('platonny@ngs.ru') LIMIT 1[0m
  [1m[35m (0.1ms)[0m  rollback transaction
  Rendered devise/shared/_links.erb (0.2ms)
  Rendered devise/registrations/new.html.erb within layouts/application (5.1ms)
Completed 200 OK in 187ms (Views: 7.7ms | ActiveRecord: 0.9ms)


Started GET "/assets/application.css?body=1" for 127.0.0.1 at 2013-07-10 02:10:44 +0700


Started GET "/assets/jquery_ujs.js?body=1" for 127.0.0.1 at 2013-07-10 02:10:44 +0700


Started GET "/assets/jquery.js?body=1" for 127.0.0.1 at 2013-07-10 02:10:44 +0700


Started GET "/assets/turbolinks.js?body=1" for 127.0.0.1 at 2013-07-10 02:10:44 +0700


Started GET "/assets/application.js?body=1" for 127.0.0.1 at 2013-07-10 02:10:44 +0700


Started GET "/users/sign_in" for 127.0.0.1 at 2013-07-10 02:10:49 +0700
Processing by Devise::SessionsController#new as HTML
  Rendered devise/shared/_links.erb (0.2ms)
  Rendered devise/sessions/new.html.erb within layouts/application (3.0ms)
Completed 200 OK in 8ms (Views: 6.7ms | ActiveRecord: 0.0ms)


Started GET "/assets/jquery.js?body=1" for 127.0.0.1 at 2013-07-10 02:10:49 +0700


Started GET "/assets/jquery_ujs.js?body=1" for 127.0.0.1 at 2013-07-10 02:10:49 +0700


Started GET "/assets/turbolinks.js?body=1" for 127.0.0.1 at 2013-07-10 02:10:49 +0700


Started GET "/assets/application.js?body=1" for 127.0.0.1 at 2013-07-10 02:10:49 +0700


Started GET "/assets/application.css?body=1" for 127.0.0.1 at 2013-07-10 02:10:49 +0700


Started POST "/users/sign_in" for 127.0.0.1 at 2013-07-10 02:10:56 +0700
Processing by Devise::SessionsController#create as HTML
  Parameters: {"utf8"=>"✓", "authenticity_token"=>"Q1tYoWmMZW3xJ3jbaCPqyhJqhiTLkNIJyTwrVKihb0k=", "user"=>{"login"=>"platon", "password"=>"[FILTERED]", "remember_me"=>"0"}, "commit"=>"Sign in"}
  [1m[36mUser Load (0.5ms)[0m  [1mSELECT "users".* FROM "users" WHERE (lower(name) = 'platon' OR lower(email) = 'platon') ORDER BY "users"."id" ASC LIMIT 1[0m
  [1m[35m (0.1ms)[0m  begin transaction
  [1m[36mSQL (61.5ms)[0m  [1mUPDATE "users" SET "current_sign_in_at" = ?, "sign_in_count" = ?, "updated_at" = ? WHERE "users"."id" = 1[0m  [["current_sign_in_at", Tue, 09 Jul 2013 19:10:56 UTC +00:00], ["sign_in_count", 2], ["updated_at", Tue, 09 Jul 2013 19:10:56 UTC +00:00]]
  [1m[35m (139.4ms)[0m  commit transaction
Redirected to http://localhost:3000/
Completed 302 Found in 313ms (ActiveRecord: 201.5ms)


Started GET "/" for 127.0.0.1 at 2013-07-10 02:10:56 +0700
Processing by HomeController#index as HTML
DEPRECATION WARNING: Relation#first with finder options is deprecated. Please build a scope and then call #first on it instead. (called from _app_views_home_index_html_erb___3799777446143299870_32724920 at /home/hippy/github/fractalator/app/views/home/index.html.erb:3)
  [1m[36mUser Load (0.3ms)[0m  [1mSELECT "users".* FROM "users" WHERE "users"."id" = 1 ORDER BY "users"."id" ASC LIMIT 1[0m
  Rendered home/index.html.erb within layouts/application (5.0ms)
Completed 200 OK in 10ms (Views: 8.6ms | ActiveRecord: 0.3ms)


Started GET "/assets/jquery.js?body=1" for 127.0.0.1 at 2013-07-10 02:10:56 +0700


Started GET "/assets/jquery_ujs.js?body=1" for 127.0.0.1 at 2013-07-10 02:10:56 +0700


Started GET "/assets/turbolinks.js?body=1" for 127.0.0.1 at 2013-07-10 02:10:56 +0700


Started GET "/assets/application.css?body=1" for 127.0.0.1 at 2013-07-10 02:10:56 +0700


Started GET "/assets/application.js?body=1" for 127.0.0.1 at 2013-07-10 02:10:56 +0700


Started DELETE "/users/sign_out" for 127.0.0.1 at 2013-07-10 02:10:59 +0700
Processing by Devise::SessionsController#destroy as HTML
  Parameters: {"authenticity_token"=>"Q1tYoWmMZW3xJ3jbaCPqyhJqhiTLkNIJyTwrVKihb0k="}
DEPRECATION WARNING: Relation#first with finder options is deprecated. Please build a scope and then call #first on it instead. (called from service at /usr/lib/ruby/2.0.0/webrick/httpserver.rb:138)
  [1m[35mUser Load (0.3ms)[0m  SELECT "users".* FROM "users" WHERE "users"."id" = 1 ORDER BY "users"."id" ASC LIMIT 1
  [1m[36m (0.1ms)[0m  [1mbegin transaction[0m
  [1m[35m (0.0ms)[0m  commit transaction
Redirected to http://localhost:3000/
Completed 302 Found in 26ms (ActiveRecord: 0.5ms)


Started GET "/" for 127.0.0.1 at 2013-07-10 02:10:59 +0700
Processing by HomeController#index as HTML
  Rendered home/index.html.erb within layouts/application (0.9ms)
Completed 200 OK in 5ms (Views: 4.1ms | ActiveRecord: 0.0ms)


Started GET "/assets/jquery.js?body=1" for 127.0.0.1 at 2013-07-10 02:10:59 +0700


Started GET "/assets/application.css?body=1" for 127.0.0.1 at 2013-07-10 02:10:59 +0700


Started GET "/assets/jquery_ujs.js?body=1" for 127.0.0.1 at 2013-07-10 02:10:59 +0700


Started GET "/assets/turbolinks.js?body=1" for 127.0.0.1 at 2013-07-10 02:10:59 +0700


Started GET "/assets/application.js?body=1" for 127.0.0.1 at 2013-07-10 02:10:59 +0700
